<?xml version="1.0" encoding="UTF-8"?>
<testsuite name="ru.testjava.sandBox.EquationTests" tests="6" skipped="0" failures="0" errors="0" timestamp="2019-04-01T12:04:50" hostname="kobzev" time="0.01">
  <properties/>
  <testcase name="test0" classname="ru.testjava.sandBox.EquationTests" time="0.005"/>
  <testcase name="test1" classname="ru.testjava.sandBox.EquationTests" time="0.0"/>
  <testcase name="test2" classname="ru.testjava.sandBox.EquationTests" time="0.0"/>
  <testcase name="testConstant" classname="ru.testjava.sandBox.EquationTests" time="0.0"/>
  <testcase name="testLinear" classname="ru.testjava.sandBox.EquationTests" time="0.0"/>
  <testcase name="testZero" classname="ru.testjava.sandBox.EquationTests" time="0.0"/>
  <system-out><![CDATA[]]></system-out>
  <system-err><![CDATA[]]></system-err>
</testsuite>
