<?xml version="1.0" encoding="UTF-8"?>
<testsuite name="ru.testjava.sandBox.PointTests" tests="1" skipped="0" failures="0" errors="0" timestamp="2019-04-01T12:04:50" hostname="kobzev" time="0.0">
  <properties/>
  <testcase name="testPoint" classname="ru.testjava.sandBox.PointTests" time="0.0"/>
  <system-out><![CDATA[]]></system-out>
  <system-err><![CDATA[]]></system-err>
</testsuite>
