<?xml version="1.0" encoding="UTF-8"?>
<testsuite name="ru.testjava.addressbook.tests.GroupCreationTests" tests="3" skipped="0" failures="0" errors="0" timestamp="2019-02-27T12:01:43" hostname="kobzev" time="5.572">
  <properties/>
  <testcase name="testGroupCreation[0](GroupData{id='2147483647', name='test 0'})" classname="ru.testjava.addressbook.tests.GroupCreationTests" time="2.396"/>
  <testcase name="testGroupCreation[1](GroupData{id='2147483647', name='test 1'})" classname="ru.testjava.addressbook.tests.GroupCreationTests" time="1.631"/>
  <testcase name="testGroupCreation[2](GroupData{id='2147483647', name='test 2'})" classname="ru.testjava.addressbook.tests.GroupCreationTests" time="1.524"/>
  <system-out><![CDATA[6617 [Test worker] INFO  r.t.addressbook.tests.TestBase - Start testtestGroupCreationwith parameter [GroupData{id='2147483647', name='test 0'}] 
]]></system-out>
  <system-err><![CDATA[]]></system-err>
</testsuite>
