<?xml version="1.0" encoding="UTF-8"?>
<testsuite name="ru.testjava.addressbook.tests.GroupDeletionTests" tests="1" skipped="0" failures="0" errors="0" timestamp="2019-04-06T14:54:42" hostname="DESKTOP-BRBDFUN" time="0.617">
  <properties/>
  <testcase name="testGroupDeletion" classname="ru.testjava.addressbook.tests.GroupDeletionTests" time="0.617"/>
  <system-out><![CDATA[16024 [Test worker] INFO  r.t.addressbook.tests.TestBase - Start testtestGroupDeletionwith parameter [] 
Hibernate: select groupdata0_.group_id as group_id1_2_, groupdata0_.group_footer as group_fo2_2_, groupdata0_.group_header as group_he3_2_, groupdata0_.group_name as group_na4_2_ from group_list groupdata0_
Hibernate: select groupdata0_.group_id as group_id1_2_, groupdata0_.group_footer as group_fo2_2_, groupdata0_.group_header as group_he3_2_, groupdata0_.group_name as group_na4_2_ from group_list groupdata0_
Hibernate: select groupdata0_.group_id as group_id1_2_, groupdata0_.group_footer as group_fo2_2_, groupdata0_.group_header as group_he3_2_, groupdata0_.group_name as group_na4_2_ from group_list groupdata0_
]]></system-out>
  <system-err><![CDATA[]]></system-err>
</testsuite>
