<?xml version="1.0" encoding="UTF-8"?>
<testsuite name="ru.testjava.addressbook.tests.ContactModificationTests" tests="1" skipped="0" failures="0" errors="0" timestamp="2019-02-27T12:02:30" hostname="kobzev" time="1.679">
  <properties/>
  <testcase name="testContactModification" classname="ru.testjava.addressbook.tests.ContactModificationTests" time="1.679"/>
  <system-out><![CDATA[13830 [Test worker] INFO  r.t.addressbook.tests.TestBase - Start testtestContactModificationwith parameter [] 
]]></system-out>
  <system-err><![CDATA[]]></system-err>
</testsuite>
