<?xml version="1.0" encoding="UTF-8"?>
<testsuite name="ru.testjava.addressbook.tests.ContactDeletionTests" tests="1" skipped="0" failures="0" errors="0" timestamp="2019-02-27T12:02:34" hostname="kobzev" time="0.959">
  <properties/>
  <testcase name="testContactDeletion" classname="ru.testjava.addressbook.tests.ContactDeletionTests" time="0.959"/>
  <system-out><![CDATA[18223 [Test worker] INFO  r.t.addressbook.tests.TestBase - Start testtestContactDeletionwith parameter [] 
]]></system-out>
  <system-err><![CDATA[]]></system-err>
</testsuite>
