<?xml version="1.0" encoding="UTF-8"?>
<testsuite name="ru.testjava.addressbook.tests.ContactDeletionTests" tests="1" skipped="0" failures="0" errors="0" timestamp="2019-02-28T10:57:39" hostname="kobzev" time="1.28">
  <properties/>
  <testcase name="testContactDeletion" classname="ru.testjava.addressbook.tests.ContactDeletionTests" time="1.28"/>
  <system-out><![CDATA[19244 [Test worker] INFO  r.t.addressbook.tests.TestBase - Start testtestContactDeletionwith parameter [] 
]]></system-out>
  <system-err><![CDATA[]]></system-err>
</testsuite>
