<?xml version="1.0" encoding="UTF-8"?>
<testsuite name="ru.testjava.addressbook.tests.ContactDeletionTests" tests="1" skipped="0" failures="0" errors="0" timestamp="2019-03-02T00:04:00" hostname="DESKTOP-BRBDFUN" time="2.058">
  <properties/>
  <testcase name="testContactDeletion" classname="ru.testjava.addressbook.tests.ContactDeletionTests" time="2.058"/>
  <system-out><![CDATA[25647 [Test worker] INFO  r.t.addressbook.tests.TestBase - Start testtestContactDeletionwith parameter [] 
]]></system-out>
  <system-err><![CDATA[]]></system-err>
</testsuite>
